[2018-09-15 18:40:19.518] [exthost1] [info] extension host started
[2018-09-15 18:40:19.534] [exthost1] [info] ExtensionService#_doActivateExtension vscode.debug-auto-launch {"startup":true,"activationEvent":"*"}
[2018-09-15 18:40:19.535] [exthost1] [info] ExtensionService#loadCommonJSModule /snap/vscode/53/usr/share/code/resources/app/extensions/debug-auto-launch/out/extension
[2018-09-15 18:40:19.543] [exthost1] [info] ExtensionService#_doActivateExtension vscode.emmet {"startup":true,"activationEvent":"*"}
[2018-09-15 18:40:19.543] [exthost1] [info] ExtensionService#loadCommonJSModule /snap/vscode/53/usr/share/code/resources/app/extensions/emmet/dist/extension
[2018-09-15 18:40:19.580] [exthost1] [info] ExtensionService#_doActivateExtension vscode.git {"startup":true,"activationEvent":"*"}
[2018-09-15 18:40:19.580] [exthost1] [info] ExtensionService#loadCommonJSModule /snap/vscode/53/usr/share/code/resources/app/extensions/git/dist/main
[2018-09-15 18:40:19.710] [exthost1] [info] ExtensionService#_doActivateExtension vscode.merge-conflict {"startup":true,"activationEvent":"*"}
[2018-09-15 18:40:19.710] [exthost1] [info] ExtensionService#loadCommonJSModule /snap/vscode/53/usr/share/code/resources/app/extensions/merge-conflict/out/extension
[2018-09-15 18:40:19.719] [exthost1] [info] ExtensionService#_doActivateExtension vscode.search-rg {"startup":true,"activationEvent":"*"}
[2018-09-15 18:40:19.719] [exthost1] [info] ExtensionService#loadCommonJSModule /snap/vscode/53/usr/share/code/resources/app/extensions/search-rg/out/extension
[2018-09-15 18:40:19.723] [exthost1] [info] eager extensions activated
[2018-09-15 18:40:19.725] [exthost1] [info] ExtensionService#_doActivateExtension vscode.python {"startup":false,"activationEvent":"onLanguage:python"}
[2018-09-15 18:40:19.725] [exthost1] [info] ExtensionService#loadCommonJSModule /snap/vscode/53/usr/share/code/resources/app/extensions/python/out/pythonMain
[2018-09-15 22:04:34.595] [exthost1] [info] ExtensionService#_doActivateExtension ms-vscode.node-debug2 {"startup":false,"activationEvent":"onDebugInitialConfigurations"}
[2018-09-15 22:04:34.595] [exthost1] [info] ExtensionService#loadCommonJSModule /snap/vscode/53/usr/share/code/resources/app/extensions/ms-vscode.node-debug2/out/src/extension
[2018-09-15 22:04:34.610] [exthost1] [info] ExtensionService#_doActivateExtension ms-vscode.node-debug {"startup":false,"activationEvent":"onDebugInitialConfigurations"}
[2018-09-15 22:04:34.611] [exthost1] [info] ExtensionService#loadCommonJSModule /snap/vscode/53/usr/share/code/resources/app/extensions/ms-vscode.node-debug/out/node/extension/extension.js
[2018-09-15 22:08:07.668] [exthost1] [info] extension host started
[2018-09-15 22:08:07.685] [exthost1] [info] ExtensionService#_doActivateExtension vscode.debug-auto-launch {"startup":true,"activationEvent":"*"}
[2018-09-15 22:08:07.686] [exthost1] [info] ExtensionService#loadCommonJSModule /snap/vscode/53/usr/share/code/resources/app/extensions/debug-auto-launch/out/extension
[2018-09-15 22:08:07.691] [exthost1] [info] ExtensionService#_doActivateExtension vscode.emmet {"startup":true,"activationEvent":"*"}
[2018-09-15 22:08:07.691] [exthost1] [info] ExtensionService#loadCommonJSModule /snap/vscode/53/usr/share/code/resources/app/extensions/emmet/dist/extension
[2018-09-15 22:08:07.723] [exthost1] [info] ExtensionService#_doActivateExtension vscode.git {"startup":true,"activationEvent":"*"}
[2018-09-15 22:08:07.723] [exthost1] [info] ExtensionService#loadCommonJSModule /snap/vscode/53/usr/share/code/resources/app/extensions/git/dist/main
[2018-09-15 22:08:07.850] [exthost1] [info] ExtensionService#_doActivateExtension vscode.merge-conflict {"startup":true,"activationEvent":"*"}
[2018-09-15 22:08:07.850] [exthost1] [info] ExtensionService#loadCommonJSModule /snap/vscode/53/usr/share/code/resources/app/extensions/merge-conflict/out/extension
[2018-09-15 22:08:07.859] [exthost1] [info] ExtensionService#_doActivateExtension vscode.search-rg {"startup":true,"activationEvent":"*"}
[2018-09-15 22:08:07.859] [exthost1] [info] ExtensionService#loadCommonJSModule /snap/vscode/53/usr/share/code/resources/app/extensions/search-rg/out/extension
[2018-09-15 22:08:07.863] [exthost1] [info] eager extensions activated
[2018-09-15 22:08:07.864] [exthost1] [info] ExtensionService#_doActivateExtension ms-mssql.mssql {"startup":false,"activationEvent":"onLanguage:sql"}
[2018-09-15 22:08:07.864] [exthost1] [info] ExtensionService#loadCommonJSModule /root/.vscode/extensions/ms-mssql.mssql-1.4.0/out/src/extension
[2018-09-15 22:14:59.556] [exthost1] [info] ExtensionService#_doActivateExtension ms-vscode.node-debug2 {"startup":false,"activationEvent":"onDebugInitialConfigurations"}
[2018-09-15 22:14:59.556] [exthost1] [info] ExtensionService#loadCommonJSModule /snap/vscode/53/usr/share/code/resources/app/extensions/ms-vscode.node-debug2/out/src/extension
[2018-09-15 22:14:59.559] [exthost1] [info] ExtensionService#_doActivateExtension ms-vscode.node-debug {"startup":false,"activationEvent":"onDebugInitialConfigurations"}
[2018-09-15 22:14:59.560] [exthost1] [info] ExtensionService#loadCommonJSModule /snap/vscode/53/usr/share/code/resources/app/extensions/ms-vscode.node-debug/out/node/extension/extension.js
[2018-09-15 22:49:16.179] [exthost1] [info] ExtensionService#_doActivateExtension vscode.python {"startup":false,"activationEvent":"onLanguage:python"}
[2018-09-15 22:49:16.179] [exthost1] [info] ExtensionService#loadCommonJSModule /snap/vscode/53/usr/share/code/resources/app/extensions/python/out/pythonMain
[2018-09-15 22:49:32.124] [exthost1] [info] extension host started
[2018-09-15 22:49:32.140] [exthost1] [info] ExtensionService#_doActivateExtension vscode.debug-auto-launch {"startup":true,"activationEvent":"*"}
[2018-09-15 22:49:32.141] [exthost1] [info] ExtensionService#loadCommonJSModule /snap/vscode/53/usr/share/code/resources/app/extensions/debug-auto-launch/out/extension
[2018-09-15 22:49:32.147] [exthost1] [info] ExtensionService#_doActivateExtension vscode.emmet {"startup":true,"activationEvent":"*"}
[2018-09-15 22:49:32.147] [exthost1] [info] ExtensionService#loadCommonJSModule /snap/vscode/53/usr/share/code/resources/app/extensions/emmet/dist/extension
[2018-09-15 22:49:32.185] [exthost1] [info] ExtensionService#_doActivateExtension vscode.git {"startup":true,"activationEvent":"*"}
[2018-09-15 22:49:32.185] [exthost1] [info] ExtensionService#loadCommonJSModule /snap/vscode/53/usr/share/code/resources/app/extensions/git/dist/main
[2018-09-15 22:49:32.319] [exthost1] [info] ExtensionService#_doActivateExtension vscode.merge-conflict {"startup":true,"activationEvent":"*"}
[2018-09-15 22:49:32.319] [exthost1] [info] ExtensionService#loadCommonJSModule /snap/vscode/53/usr/share/code/resources/app/extensions/merge-conflict/out/extension
[2018-09-15 22:49:32.328] [exthost1] [info] ExtensionService#_doActivateExtension vscode.search-rg {"startup":true,"activationEvent":"*"}
[2018-09-15 22:49:32.328] [exthost1] [info] ExtensionService#loadCommonJSModule /snap/vscode/53/usr/share/code/resources/app/extensions/search-rg/out/extension
[2018-09-15 22:49:32.334] [exthost1] [info] eager extensions activated
[2018-09-15 22:49:32.351] [exthost1] [info] ExtensionService#_doActivateExtension vscode.python {"startup":false,"activationEvent":"onLanguage:python"}
[2018-09-15 22:49:32.351] [exthost1] [info] ExtensionService#loadCommonJSModule /snap/vscode/53/usr/share/code/resources/app/extensions/python/out/pythonMain
[2018-09-15 22:49:32.351] [exthost1] [info] ExtensionService#_doActivateExtension ms-python.python {"startup":false,"activationEvent":"onLanguage:python"}
[2018-09-15 22:49:32.351] [exthost1] [info] ExtensionService#loadCommonJSModule /root/.vscode/extensions/ms-python.python-2018.8.0/out/client/extension
