[2018-09-15 18:40:20.739] [sharedprocess] [info] main {"machineId":"7ed1146df330ad578a4acc2c922b9a8fd09204df475d3c7c4efbe9723b4696b9"}
[2018-09-15 18:40:20.763] [sharedprocess] [info] Scanned user extensions: 0
[2018-09-15 18:40:20.777] [sharedprocess] [info] Scanned user extensions: 0
[2018-09-15 18:40:20.782] [sharedprocess] [info] Scanned user extensions: 0
[2018-09-15 18:40:20.783] [sharedprocess] [info] Scanned user extensions: 0
[2018-09-15 18:40:20.831] [sharedprocess] [info] Scanned system extensions: 71
[2018-09-15 18:40:20.835] [sharedprocess] [info] Scanned system extensions: 71
[2018-09-15 18:40:20.836] [sharedprocess] [info] Scanned system extensions: 71
[2018-09-15 18:40:22.174] [sharedprocess] [info] Scanned user extensions: 0
[2018-09-15 18:40:22.174] [sharedprocess] [info] Scanned user extensions: 0
[2018-09-15 18:41:00.742] [sharedprocess] [info] Starting to clean up unused language packs.
[2018-09-15 18:45:22.185] [sharedprocess] [info] Scanned user extensions: 0
[2018-09-15 18:50:22.191] [sharedprocess] [info] Scanned user extensions: 0
[2018-09-15 18:55:22.202] [sharedprocess] [info] Scanned user extensions: 0
[2018-09-15 19:00:22.211] [sharedprocess] [info] Scanned user extensions: 0
[2018-09-15 19:05:22.218] [sharedprocess] [info] Scanned user extensions: 0
[2018-09-15 19:10:22.224] [sharedprocess] [info] Scanned user extensions: 0
[2018-09-15 19:15:22.231] [sharedprocess] [info] Scanned user extensions: 0
[2018-09-15 19:20:22.234] [sharedprocess] [info] Scanned user extensions: 0
[2018-09-15 19:25:22.240] [sharedprocess] [info] Scanned user extensions: 0
[2018-09-15 19:30:22.245] [sharedprocess] [info] Scanned user extensions: 0
[2018-09-15 19:35:22.256] [sharedprocess] [info] Scanned user extensions: 0
[2018-09-15 19:40:22.352] [sharedprocess] [info] Scanned user extensions: 0
[2018-09-15 19:45:22.359] [sharedprocess] [info] Scanned user extensions: 0
[2018-09-15 19:50:22.366] [sharedprocess] [info] Scanned user extensions: 0
[2018-09-15 19:55:22.374] [sharedprocess] [info] Scanned user extensions: 0
[2018-09-15 20:00:22.382] [sharedprocess] [info] Scanned user extensions: 0
[2018-09-15 20:05:22.389] [sharedprocess] [info] Scanned user extensions: 0
[2018-09-15 20:10:22.396] [sharedprocess] [info] Scanned user extensions: 0
[2018-09-15 20:15:22.402] [sharedprocess] [info] Scanned user extensions: 0
[2018-09-15 20:20:22.409] [sharedprocess] [info] Scanned user extensions: 0
[2018-09-15 20:25:22.416] [sharedprocess] [info] Scanned user extensions: 0
[2018-09-15 20:30:22.425] [sharedprocess] [info] Scanned user extensions: 0
[2018-09-15 20:35:22.432] [sharedprocess] [info] Scanned user extensions: 0
[2018-09-15 20:40:22.528] [sharedprocess] [info] Scanned user extensions: 0
[2018-09-15 20:45:22.537] [sharedprocess] [info] Scanned user extensions: 0
[2018-09-15 20:50:22.545] [sharedprocess] [info] Scanned user extensions: 0
[2018-09-15 20:55:22.552] [sharedprocess] [info] Scanned user extensions: 0
[2018-09-15 21:00:22.560] [sharedprocess] [info] Scanned user extensions: 0
[2018-09-15 21:05:22.567] [sharedprocess] [info] Scanned user extensions: 0
[2018-09-15 21:10:22.571] [sharedprocess] [info] Scanned user extensions: 0
[2018-09-15 21:15:22.578] [sharedprocess] [info] Scanned user extensions: 0
[2018-09-15 21:20:22.583] [sharedprocess] [info] Scanned user extensions: 0
[2018-09-15 21:25:22.590] [sharedprocess] [info] Scanned user extensions: 0
[2018-09-15 21:30:22.596] [sharedprocess] [info] Scanned user extensions: 0
[2018-09-15 21:35:22.601] [sharedprocess] [info] Scanned user extensions: 0
[2018-09-15 21:40:22.657] [sharedprocess] [info] Scanned user extensions: 0
[2018-09-15 21:45:22.661] [sharedprocess] [info] Scanned user extensions: 0
[2018-09-15 21:50:22.667] [sharedprocess] [info] Scanned user extensions: 0
[2018-09-15 21:55:22.672] [sharedprocess] [info] Scanned user extensions: 0
[2018-09-15 22:00:22.681] [sharedprocess] [info] Scanned user extensions: 0
[2018-09-15 22:03:37.587] [sharedprocess] [info] Scanned user extensions: 0
[2018-09-15 22:03:49.288] [sharedprocess] [info] Installing extension: mssql
[2018-09-15 22:03:49.288] [sharedprocess] [info] Scanned user extensions: 0
[2018-09-15 22:03:50.456] [sharedprocess] [info] Downloaded extension: mssql /tmp/7ab65be4-294a-4c9a-a765-ebc092a06f85
[2018-09-15 22:03:52.772] [sharedprocess] [info] Extracted extension to /root/.vscode/extensions/.ms-mssql.mssql-1.4.0: ms-mssql.mssql-1.4.0
[2018-09-15 22:03:52.772] [sharedprocess] [info] Renamed to /root/.vscode/extensions/ms-mssql.mssql-1.4.0
[2018-09-15 22:03:52.772] [sharedprocess] [info] Installation completed. ms-mssql.mssql-1.4.0
[2018-09-15 22:03:52.873] [sharedprocess] [info] Scanned user extensions: 1
[2018-09-15 22:03:52.893] [sharedprocess] [info] Scanned system extensions: 71
[2018-09-15 22:03:52.894] [sharedprocess] [info] Extensions installed successfully: ms-mssql.mssql
[2018-09-15 22:03:53.005] [sharedprocess] [info] Scanned user extensions: 1
[2018-09-15 22:03:53.027] [sharedprocess] [info] Scanned system extensions: 71
[2018-09-15 22:04:21.056] [sharedprocess] [info] Scanned user extensions: 1
[2018-09-15 22:04:21.069] [sharedprocess] [info] Scanned system extensions: 71
[2018-09-15 22:05:00.223] [sharedprocess] [info] Installing extension: sqlops-debug
[2018-09-15 22:05:00.227] [sharedprocess] [info] Scanned user extensions: 1
[2018-09-15 22:05:00.382] [sharedprocess] [info] Downloaded extension: sqlops-debug /tmp/9cf42e87-6244-44ee-bed3-f9649d9904e9
[2018-09-15 22:05:00.612] [sharedprocess] [info] Extracted extension to /root/.vscode/extensions/.ms-mssql.sqlops-debug-1.1.0: ms-mssql.sqlops-debug-1.1.0
[2018-09-15 22:05:00.612] [sharedprocess] [info] Renamed to /root/.vscode/extensions/ms-mssql.sqlops-debug-1.1.0
[2018-09-15 22:05:00.612] [sharedprocess] [info] Installation completed. ms-mssql.sqlops-debug-1.1.0
[2018-09-15 22:05:00.682] [sharedprocess] [info] Extensions installed successfully: ms-mssql.sqlops-debug
[2018-09-15 22:05:00.800] [sharedprocess] [info] Scanned user extensions: 2
[2018-09-15 22:05:00.818] [sharedprocess] [info] Scanned system extensions: 71
[2018-09-15 22:05:22.690] [sharedprocess] [info] Scanned user extensions: 2
[2018-09-15 22:08:07.105] [sharedprocess] [info] Scanned user extensions: 2
[2018-09-15 22:08:07.106] [sharedprocess] [info] Scanned user extensions: 2
[2018-09-15 22:08:07.107] [sharedprocess] [info] Scanned user extensions: 2
[2018-09-15 22:08:07.115] [sharedprocess] [info] Scanned user extensions: 2
[2018-09-15 22:08:07.157] [sharedprocess] [info] Scanned system extensions: 71
[2018-09-15 22:08:07.161] [sharedprocess] [info] Scanned system extensions: 71
[2018-09-15 22:08:07.226] [sharedprocess] [info] Scanned user extensions: 2
[2018-09-15 22:08:07.227] [sharedprocess] [info] Scanned user extensions: 2
[2018-09-15 22:08:07.228] [sharedprocess] [info] Scanned user extensions: 2
[2018-09-15 22:08:07.339] [sharedprocess] [info] Scanned system extensions: 71
[2018-09-15 22:08:07.345] [sharedprocess] [info] Scanned system extensions: 71
[2018-09-15 22:08:07.349] [sharedprocess] [info] Scanned system extensions: 71
[2018-09-15 22:08:10.060] [sharedprocess] [info] Scanned user extensions: 2
[2018-09-15 22:08:10.084] [sharedprocess] [info] Scanned user extensions: 2
[2018-09-15 22:13:10.088] [sharedprocess] [info] Scanned user extensions: 2
[2018-09-15 22:18:10.100] [sharedprocess] [info] Scanned user extensions: 2
[2018-09-15 22:23:10.109] [sharedprocess] [info] Scanned user extensions: 2
[2018-09-15 22:28:10.121] [sharedprocess] [info] Scanned user extensions: 2
[2018-09-15 22:33:10.139] [sharedprocess] [info] Scanned user extensions: 2
[2018-09-15 22:38:10.148] [sharedprocess] [info] Scanned user extensions: 2
[2018-09-15 22:43:10.217] [sharedprocess] [info] Scanned user extensions: 2
[2018-09-15 22:48:10.226] [sharedprocess] [info] Scanned user extensions: 2
[2018-09-15 22:49:16.183] [sharedprocess] [info] Scanned user extensions: 2
[2018-09-15 22:49:16.212] [sharedprocess] [info] Scanned system extensions: 71
[2018-09-15 22:49:22.248] [sharedprocess] [info] Installing extension: python
[2018-09-15 22:49:22.250] [sharedprocess] [info] Scanned user extensions: 2
[2018-09-15 22:49:22.623] [sharedprocess] [info] Scanned user extensions: 2
[2018-09-15 22:49:22.646] [sharedprocess] [info] Scanned system extensions: 71
[2018-09-15 22:49:23.559] [sharedprocess] [info] Downloaded extension: python /tmp/3fca9092-ab77-4759-ba14-741f5db6fef2
[2018-09-15 22:49:27.031] [sharedprocess] [info] Extracted extension to /root/.vscode/extensions/.ms-python.python-2018.8.0: ms-python.python-2018.8.0
[2018-09-15 22:49:27.031] [sharedprocess] [info] Renamed to /root/.vscode/extensions/ms-python.python-2018.8.0
[2018-09-15 22:49:27.031] [sharedprocess] [info] Installation completed. ms-python.python-2018.8.0
[2018-09-15 22:49:27.102] [sharedprocess] [info] Extensions installed successfully: ms-python.python
[2018-09-15 22:49:27.219] [sharedprocess] [info] Scanned user extensions: 3
[2018-09-15 22:49:27.234] [sharedprocess] [info] Scanned system extensions: 71
[2018-09-15 22:49:31.446] [sharedprocess] [info] Scanned user extensions: 3
[2018-09-15 22:49:31.449] [sharedprocess] [info] Scanned user extensions: 3
[2018-09-15 22:49:31.452] [sharedprocess] [info] Scanned user extensions: 3
[2018-09-15 22:49:31.468] [sharedprocess] [info] Scanned system extensions: 71
[2018-09-15 22:49:31.530] [sharedprocess] [info] Scanned user extensions: 3
[2018-09-15 22:49:31.565] [sharedprocess] [info] Scanned system extensions: 71
[2018-09-15 22:49:31.667] [sharedprocess] [info] Scanned user extensions: 3
[2018-09-15 22:49:31.669] [sharedprocess] [info] Scanned user extensions: 3
[2018-09-15 22:49:31.672] [sharedprocess] [info] Scanned user extensions: 3
[2018-09-15 22:49:31.728] [sharedprocess] [info] Scanned system extensions: 71
[2018-09-15 22:49:31.732] [sharedprocess] [info] Scanned system extensions: 71
[2018-09-15 22:49:31.735] [sharedprocess] [info] Scanned system extensions: 71
[2018-09-15 22:49:34.517] [sharedprocess] [info] Scanned user extensions: 3
[2018-09-15 22:49:34.519] [sharedprocess] [info] Scanned user extensions: 3
[2018-09-15 22:54:34.543] [sharedprocess] [info] Scanned user extensions: 3
[2018-09-15 22:59:34.551] [sharedprocess] [info] Scanned user extensions: 3
[2018-09-15 23:04:34.562] [sharedprocess] [info] Scanned user extensions: 3
[2018-09-15 23:09:34.572] [sharedprocess] [info] Scanned user extensions: 3
